<?xml version="1.0" encoding="UTF-8"?>
<testng-results skipped="0" failed="0" ignored="0" total="1" passed="1">
  <reporter-output>
  </reporter-output>
  <suite name="Default suite" duration-ms="12277" started-at="2020-07-04T13:07:16 CDT" finished-at="2020-07-04T13:07:29 CDT">
    <groups>
    </groups>
    <test name="Default test" duration-ms="12277" started-at="2020-07-04T13:07:16 CDT" finished-at="2020-07-04T13:07:29 CDT">
      <class name="crmTest.LoginTestNg">
        <test-method status="PASS" signature="init()[pri:0, instance:crmTest.LoginTestNg@9660f4e]" name="init" is-config="true" duration-ms="8012" started-at="2020-07-04T13:07:16 CDT" finished-at="2020-07-04T13:07:24 CDT">
          <reporter-output>
          </reporter-output>
        </test-method> <!-- init -->
        <test-method status="PASS" signature="login1()[pri:0, instance:crmTest.LoginTestNg@9660f4e]" name="login1" duration-ms="4062" started-at="2020-07-04T13:07:25 CDT" finished-at="2020-07-04T13:07:29 CDT">
          <reporter-output>
          </reporter-output>
        </test-method> <!-- login1 -->
      </class> <!-- crmTest.LoginTestNg -->
    </test> <!-- Default test -->
  </suite> <!-- Default suite -->
</testng-results>
